<?xml version="1.0" encoding="UTF-8"?>
<testng-results skipped="0" failed="0" total="1" passed="1">
  <reporter-output>
  </reporter-output>
  <suite name="Default suite" duration-ms="48246" started-at="2014-08-25T04:31:29Z" finished-at="2014-08-25T04:32:18Z">
    <groups>
    </groups>
    <test name="Default test" duration-ms="48246" started-at="2014-08-25T04:31:29Z" finished-at="2014-08-25T04:32:18Z">
      <class name="appium.TestAppium">
        <test-method status="PASS" signature="setUp()[pri:0, instance:appium.TestAppium@369ef286]" name="setUp" is-config="true" duration-ms="22899" started-at="2014-08-25T12:31:29Z" finished-at="2014-08-25T12:31:52Z">
          <reporter-output>
          </reporter-output>
        </test-method> <!-- setUp -->
        <test-method status="PASS" signature="testCalculator()[pri:0, instance:appium.TestAppium@369ef286]" name="testCalculator" duration-ms="19596" started-at="2014-08-25T12:31:52Z" finished-at="2014-08-25T12:32:12Z">
          <reporter-output>
          </reporter-output>
        </test-method> <!-- testCalculator -->
        <test-method status="PASS" signature="tearDown()[pri:0, instance:appium.TestAppium@369ef286]" name="tearDown" is-config="true" duration-ms="5734" started-at="2014-08-25T12:32:12Z" finished-at="2014-08-25T12:32:18Z">
          <reporter-output>
          </reporter-output>
        </test-method> <!-- tearDown -->
      </class> <!-- appium.TestAppium -->
    </test> <!-- Default test -->
  </suite> <!-- Default suite -->
</testng-results>
